0 info it worked if it ends with ok
1 verbose cli [ 'node', '/usr/local/bin/npm', 'uninstall', 'http-server' ]
2 info using npm@1.4.28
3 info using node@v0.10.36
4 verbose node_modules/http-server unbuild
5 info preuninstall http-server@0.8.0
6 info uninstall http-server@0.8.0
7 verbose true,/Users/Vahid/Projects/blackjack/node_modules,/Users/Vahid/Projects/blackjack/node_modules unbuild http-server@0.8.0
8 verbose /Users/Vahid/Projects/blackjack/node_modules/.bin,[object Object] binRoot
9 error Error: EACCES, unlink '/Users/Vahid/Projects/blackjack/node_modules/.bin/http-server'
9 error  { [Error: EACCES, unlink '/Users/Vahid/Projects/blackjack/node_modules/.bin/http-server']
9 error   errno: 3,
9 error   code: 'EACCES',
9 error   path: '/Users/Vahid/Projects/blackjack/node_modules/.bin/http-server' }
10 error Please try running this command again as root/Administrator.
11 error System Darwin 14.3.0
12 error command "node" "/usr/local/bin/npm" "uninstall" "http-server"
13 error cwd /Users/Vahid/Projects/blackjack
14 error node -v v0.10.36
15 error npm -v 1.4.28
16 error path /Users/Vahid/Projects/blackjack/node_modules/.bin/http-server
17 error code EACCES
18 error errno 3
19 error stack Error: EACCES, unlink '/Users/Vahid/Projects/blackjack/node_modules/.bin/http-server'
20 verbose exit [ 3, true ]
